Wed Aug 01 2018 22:39:47 GMT+0800 (中国标准时间)
/api/user/getUserInfo: { _id: 5b409037795023cfc8de2fd5, nickname: 'Reri' },{ _id: 5b55e71bf6f27c17001487b1,
  unionid: 0,
  avatar: '',
  nickname: 'Jerry',
  sex: '',
  birthday: '',
  name: '',
  phonenumber: 0,
  address: '' },{ _id: 5b55e739f6f27c17001487b2,
  unionid: 0,
  avatar: '',
  nickname: 'Jerry',
  sex: '',
  birthday: '',
  name: '',
  phonenumber: 0,
  address: '' },{ _id: 5b55e749f6f27c17001487b3,
  unionid: 0,
  avatar: '',
  nickname: 'Jerry',
  sex: '',
  birthday: '',
  name: '',
  phonenumber: 0,
  address: '' },{ _id: 5b5fcfcd820ea35fcea4be64,
  unionid: 0,
  avatar: '',
  nickname: 'Jerry',
  sex: '',
  birthday: '',
  name: '',
  phonenumber: 0,
  address: '' },{ _id: 5b6006539023650648f19481,
  unionid: 0,
  avatar: '',
  nickname: 'Jerry',
  sex: '',
  birthday: '',
  name: '',
  phonenumber: 0,
  address: '' },{ _id: 5b612625b1d8dc513ddcf3eb,
  unionid: 0,
  avatar: '',
  nickname: 'Jerry',
  sex: '',
  birthday: '',
  name: '',
  phonenumber: 0,
  address: '' }

Wed Aug 01 2018 22:42:18 GMT+0800 (中国标准时间)
/api/user/getUserInfo: { _id: 5b409037795023cfc8de2fd5, nickname: 'Reri' },{ _id: 5b55e71bf6f27c17001487b1,
  unionid: 0,
  avatar: '',
  nickname: 'Jerry',
  sex: '',
  birthday: '',
  name: '',
  phonenumber: 0,
  address: '' },{ _id: 5b55e739f6f27c17001487b2,
  unionid: 0,
  avatar: '',
  nickname: 'Jerry',
  sex: '',
  birthday: '',
  name: '',
  phonenumber: 0,
  address: '' },{ _id: 5b55e749f6f27c17001487b3,
  unionid: 0,
  avatar: '',
  nickname: 'Jerry',
  sex: '',
  birthday: '',
  name: '',
  phonenumber: 0,
  address: '' },{ _id: 5b5fcfcd820ea35fcea4be64,
  unionid: 0,
  avatar: '',
  nickname: 'Jerry',
  sex: '',
  birthday: '',
  name: '',
  phonenumber: 0,
  address: '' },{ _id: 5b6006539023650648f19481,
  unionid: 0,
  avatar: '',
  nickname: 'Jerry',
  sex: '',
  birthday: '',
  name: '',
  phonenumber: 0,
  address: '' },{ _id: 5b612625b1d8dc513ddcf3eb,
  unionid: 0,
  avatar: '',
  nickname: 'Jerry',
  sex: '',
  birthday: '',
  name: '',
  phonenumber: 0,
  address: '' }

Thu Aug 02 2018 16:17:00 GMT+0800 (中国标准时间)
/api/user/getUserInfo: { _id: 5b409037795023cfc8de2fd5, nickname: 'Reri' },{ _id: 5b55e71bf6f27c17001487b1,
  unionid: 0,
  avatar: '',
  nickname: 'Jerry',
  sex: '',
  birthday: '',
  name: '',
  phonenumber: 0,
  address: '' },{ _id: 5b55e739f6f27c17001487b2,
  unionid: 0,
  avatar: '',
  nickname: 'Jerry',
  sex: '',
  birthday: '',
  name: '',
  phonenumber: 0,
  address: '' },{ _id: 5b55e749f6f27c17001487b3,
  unionid: 0,
  avatar: '',
  nickname: 'Jerry',
  sex: '',
  birthday: '',
  name: '',
  phonenumber: 0,
  address: '' },{ _id: 5b5fcfcd820ea35fcea4be64,
  unionid: 0,
  avatar: '',
  nickname: 'Jerry',
  sex: '',
  birthday: '',
  name: '',
  phonenumber: 0,
  address: '' },{ _id: 5b6006539023650648f19481,
  unionid: 0,
  avatar: '',
  nickname: 'Jerry',
  sex: '',
  birthday: '',
  name: '',
  phonenumber: 0,
  address: '' },{ _id: 5b612625b1d8dc513ddcf3eb,
  unionid: 0,
  avatar: '',
  nickname: 'Jerry',
  sex: '',
  birthday: '',
  name: '',
  phonenumber: 0,
  address: '' }

Sun Aug 05 2018 00:19:31 GMT+0800 (中国标准时间)
/api/user/getUserInfo: { nickname: 'Reri' },{ unionid: 0,
  avatar: '',
  nickname: 'Jerry',
  sex: '',
  birthday: '',
  name: '',
  phonenumber: 0,
  address: '' },{ unionid: 0,
  avatar: '',
  nickname: 'Jerry',
  sex: '',
  birthday: '',
  name: '',
  phonenumber: 0,
  address: '' },{ unionid: 0,
  avatar: '',
  nickname: 'Jerry',
  sex: '',
  birthday: '',
  name: '',
  phonenumber: 0,
  address: '' },{ unionid: 0,
  avatar: '',
  nickname: 'Jerry',
  sex: '',
  birthday: '',
  name: '',
  phonenumber: 0,
  address: '' },{ unionid: 0,
  avatar: '',
  nickname: 'Jerry',
  sex: '',
  birthday: '',
  name: '',
  phonenumber: 0,
  address: '' },{ unionid: 0,
  avatar: '',
  nickname: 'Jerry',
  sex: '',
  birthday: '',
  name: '',
  phonenumber: 0,
  address: '' }

Sun Aug 05 2018 13:16:21 GMT+0800 (中国标准时间)
/api/user/getUserInfo: { nickname: 'Reri' },{ unionid: 0,
  avatar: '',
  nickname: 'Jerry',
  sex: '',
  birthday: '',
  name: '',
  phonenumber: 0,
  address: '' },{ unionid: 0,
  avatar: '',
  nickname: 'Jerry',
  sex: '',
  birthday: '',
  name: '',
  phonenumber: 0,
  address: '' },{ unionid: 0,
  avatar: '',
  nickname: 'Jerry',
  sex: '',
  birthday: '',
  name: '',
  phonenumber: 0,
  address: '' },{ unionid: 0,
  avatar: '',
  nickname: 'Jerry',
  sex: '',
  birthday: '',
  name: '',
  phonenumber: 0,
  address: '' },{ unionid: 0,
  avatar: '',
  nickname: 'Jerry',
  sex: '',
  birthday: '',
  name: '',
  phonenumber: 0,
  address: '' },{ unionid: 0,
  avatar: '',
  nickname: 'Jerry',
  sex: '',
  birthday: '',
  name: '',
  phonenumber: 0,
  address: '' }

Tue Aug 07 2018 11:56:46 GMT+0800 (中国标准时间)
/api/audio/getAudioList: { _id: 5b5d5ddad7be053e1b101f90,
  audioID: 20180729221711,
  audioName: '令人窒息的爱' }

Tue Aug 07 2018 11:57:34 GMT+0800 (中国标准时间)
/api/audio/getAudioList: { audioID: 20180729221711,
  audioName: '令人窒息的爱',
  audioUrl: 'https://www.changdaolife.cn/audio/20180729221711.mp3',
  audioAuthor: '',
  aduioCoverUrl: '',
  audioLength: '267' }

Tue Aug 07 2018 11:58:07 GMT+0800 (中国标准时间)
/api/audio/getAudioList: { _id: 5b5d5ddad7be053e1b101f90,
  audioID: 20180729221711,
  audioName: '令人窒息的爱' }

Tue Aug 07 2018 11:58:22 GMT+0800 (中国标准时间)
/api/audio/getAudioList: { _id: 5b5d5ddad7be053e1b101f90,
  audioID: 20180729221711,
  audioName: '令人窒息的爱' }

Tue Aug 07 2018 12:00:04 GMT+0800 (中国标准时间)
/api/audio/getAudioList: { audioID: 20180729221711, audioName: '令人窒息的爱' }

Tue Aug 07 2018 12:02:33 GMT+0800 (中国标准时间)
/api/audio/getAudioList: { audioID: 20180729221711, audioName: '令人窒息的爱' }

Tue Aug 07 2018 12:03:15 GMT+0800 (中国标准时间)
/api/audio/getAudioList: { audioID: 20180729221711,
  audioName: '令人窒息的爱',
  audioCoverUrl: '' }

Tue Aug 07 2018 20:53:44 GMT+0800 (中国标准时间)
/api/audio/setAudio: [object Object]

Tue Aug 07 2018 21:03:50 GMT+0800 (中国标准时间)
/api/audio/setAudio: [object Object]

Tue Aug 07 2018 21:04:20 GMT+0800 (中国标准时间)
/api/audio/setAudio: [object Object]

Tue Aug 07 2018 21:09:22 GMT+0800 (中国标准时间)
/api/audio/setAudio: [object Object]

Thu Aug 09 2018 09:06:38 GMT+0800 (中国标准时间)
/api/address/getAddressList: 

Thu Aug 09 2018 09:07:07 GMT+0800 (中国标准时间)
/api/address/getAddressList?openid=owLC84lbLCkG0nhZNu6pq7ZYakws: { openid: 'owLC84lbLCkG0nhZNu6pq7ZYakws',
  name: 'Reri',
  isDefault: true,
  phone: '15920936308',
  detail: '123' },{ openid: 'owLC84lbLCkG0nhZNu6pq7ZYakws',
  name: 'Reri',
  isDefault: true,
  phone: '15920936308',
  area: '广东省 广州市 荔湾区',
  detail: '123' },{ openid: 'owLC84lbLCkG0nhZNu6pq7ZYakws',
  name: 'Reri',
  isDefault: true,
  phone: '15920936308',
  area: '广东省 广州市 荔湾区',
  detail: '123' },{ openid: 'owLC84lbLCkG0nhZNu6pq7ZYakws',
  name: 'Reri',
  isDefault: true,
  phone: '15920936308',
  area: '广东省 广州市 荔湾区',
  detail: '123' },{ openid: 'owLC84lbLCkG0nhZNu6pq7ZYakws',
  name: 'Reri',
  isDefault: true,
  phone: '15920936308',
  area: '广东省 广州市 荔湾区',
  detail: '123' },{ openid: 'owLC84lbLCkG0nhZNu6pq7ZYakws',
  name: 'Reri',
  isDefault: true,
  phone: '15920936308',
  area: '广东省 广州市 荔湾区',
  detail: '123' }

Thu Aug 09 2018 09:11:47 GMT+0800 (中国标准时间)
/api/address/getAddressList: { openid: 'owLC84lbLCkG0nhZNu6pq7ZYakws',
  name: 'Reri',
  isDefault: true,
  phone: '15920936308',
  detail: '123' },{ openid: 'owLC84lbLCkG0nhZNu6pq7ZYakws',
  name: 'Reri',
  isDefault: true,
  phone: '15920936308',
  area: '广东省 广州市 荔湾区',
  detail: '123' },{ openid: 'owLC84lbLCkG0nhZNu6pq7ZYakws',
  name: 'Reri',
  isDefault: true,
  phone: '15920936308',
  area: '广东省 广州市 荔湾区',
  detail: '123' },{ openid: 'owLC84lbLCkG0nhZNu6pq7ZYakws',
  name: 'Reri',
  isDefault: true,
  phone: '15920936308',
  area: '广东省 广州市 荔湾区',
  detail: '123' },{ openid: 'owLC84lbLCkG0nhZNu6pq7ZYakws',
  name: 'Reri',
  isDefault: true,
  phone: '15920936308',
  area: '广东省 广州市 荔湾区',
  detail: '123' },{ openid: 'owLC84lbLCkG0nhZNu6pq7ZYakws',
  name: 'Reri',
  isDefault: true,
  phone: '15920936308',
  area: '广东省 广州市 荔湾区',
  detail: '123' }

